0 info it worked if it ends with ok
1 verbose cli [ '/usr/local/bin/node',
1 verbose cli   '/usr/local/bin/npm',
1 verbose cli   'install',
1 verbose cli   '-g',
1 verbose cli   'nodeclipse' ]
2 info using npm@1.4.28
3 info using node@v0.10.33
4 verbose cache add [ 'nodeclipse', null ]
5 verbose cache add name=undefined spec="nodeclipse" args=["nodeclipse",null]
6 verbose parsed url { protocol: null,
6 verbose parsed url   slashes: null,
6 verbose parsed url   auth: null,
6 verbose parsed url   host: null,
6 verbose parsed url   port: null,
6 verbose parsed url   hostname: null,
6 verbose parsed url   hash: null,
6 verbose parsed url   search: null,
6 verbose parsed url   query: null,
6 verbose parsed url   pathname: 'nodeclipse',
6 verbose parsed url   path: 'nodeclipse',
6 verbose parsed url   href: 'nodeclipse' }
7 silly lockFile e06e48ec-nodeclipse nodeclipse
8 verbose lock nodeclipse /home/zmz0305/.npm/e06e48ec-nodeclipse.lock
9 silly lockFile e06e48ec-nodeclipse nodeclipse
10 silly lockFile e06e48ec-nodeclipse nodeclipse
11 verbose addNamed [ 'nodeclipse', '' ]
12 verbose addNamed [ null, '*' ]
13 silly lockFile 26fc792e-nodeclipse nodeclipse@
14 verbose lock nodeclipse@ /home/zmz0305/.npm/26fc792e-nodeclipse.lock
15 silly addNameRange { name: 'nodeclipse', range: '*', hasData: false }
16 verbose request where is /nodeclipse
17 verbose request registry https://registry.npmjs.org/
18 verbose request id 2ae1009cd27c651c
19 verbose url raw /nodeclipse
20 verbose url resolving [ 'https://registry.npmjs.org/', './nodeclipse' ]
21 verbose url resolved https://registry.npmjs.org/nodeclipse
22 verbose request where is https://registry.npmjs.org/nodeclipse
23 info trying registry request attempt 1 at 11:46:27
24 http GET https://registry.npmjs.org/nodeclipse
25 http 200 https://registry.npmjs.org/nodeclipse
26 silly registry.get cb [ 200,
26 silly registry.get   { date: 'Thu, 25 Dec 2014 06:47:21 GMT',
26 silly registry.get     server: 'CouchDB/1.5.0 (Erlang OTP/R16B03)',
26 silly registry.get     etag: '"BTLSCN9VCOWBJFYR6B1LEWRSQ"',
26 silly registry.get     'content-type': 'application/json',
26 silly registry.get     'cache-control': 'max-age=60',
26 silly registry.get     'content-length': '28726',
26 silly registry.get     'accept-ranges': 'bytes',
26 silly registry.get     via: '1.1 varnish',
26 silly registry.get     age: '0',
26 silly registry.get     'x-served-by': 'cache-dfw1827-DFW',
26 silly registry.get     'x-cache': 'MISS',
26 silly registry.get     'x-cache-hits': '0',
26 silly registry.get     'x-timer': 'S1419490041.814657,VS0,VE121',
26 silly registry.get     vary: 'Accept',
26 silly registry.get     'keep-alive': 'timeout=10, max=50',
26 silly registry.get     connection: 'Keep-Alive' } ]
27 silly addNameRange number 2 { name: 'nodeclipse', range: '*', hasData: true }
28 silly addNameRange versions [ 'nodeclipse',
28 silly addNameRange   [ '0.1.0',
28 silly addNameRange     '0.2.0',
28 silly addNameRange     '0.6.0',
28 silly addNameRange     '0.8.0',
28 silly addNameRange     '0.8.2',
28 silly addNameRange     '0.8.3',
28 silly addNameRange     '0.10.0',
28 silly addNameRange     '0.10.5',
28 silly addNameRange     '0.10.6',
28 silly addNameRange     '0.10.8',
28 silly addNameRange     '0.10.9',
28 silly addNameRange     '0.10.10',
28 silly addNameRange     '0.11.0',
28 silly addNameRange     '0.17.0',
28 silly addNameRange     '0.17.1',
28 silly addNameRange     '0.17.2' ] ]
29 verbose addNamed [ 'nodeclipse', '0.17.2' ]
30 verbose addNamed [ '0.17.2', '0.17.2' ]
31 silly lockFile 76cba0e7-nodeclipse-0-17-2 nodeclipse@0.17.2
32 verbose lock nodeclipse@0.17.2 /home/zmz0305/.npm/76cba0e7-nodeclipse-0-17-2.lock
33 silly lockFile 027a4a1c-nodeclipse-nodeclipse-0-17-2-tgz https://registry.npmjs.org/nodeclipse/-/nodeclipse-0.17.2.tgz
34 verbose lock https://registry.npmjs.org/nodeclipse/-/nodeclipse-0.17.2.tgz /home/zmz0305/.npm/027a4a1c-nodeclipse-nodeclipse-0-17-2-tgz.lock
35 verbose addRemoteTarball [ 'https://registry.npmjs.org/nodeclipse/-/nodeclipse-0.17.2.tgz',
35 verbose addRemoteTarball   'e21ecc7c33af2c9e6dd1e4fef809f268514908b6' ]
36 info retry fetch attempt 1 at 11:46:28
37 verbose fetch to= /tmp/npm-17030-qJqniIvt/registry.npmjs.org/nodeclipse/-/nodeclipse-0.17.2.tgz
38 http GET https://registry.npmjs.org/nodeclipse/-/nodeclipse-0.17.2.tgz
39 http 200 https://registry.npmjs.org/nodeclipse/-/nodeclipse-0.17.2.tgz
40 silly lockFile 027a4a1c-nodeclipse-nodeclipse-0-17-2-tgz https://registry.npmjs.org/nodeclipse/-/nodeclipse-0.17.2.tgz
41 silly lockFile 027a4a1c-nodeclipse-nodeclipse-0-17-2-tgz https://registry.npmjs.org/nodeclipse/-/nodeclipse-0.17.2.tgz
42 silly lockFile 76cba0e7-nodeclipse-0-17-2 nodeclipse@0.17.2
43 silly lockFile 76cba0e7-nodeclipse-0-17-2 nodeclipse@0.17.2
44 silly lockFile 26fc792e-nodeclipse nodeclipse@
45 silly lockFile 26fc792e-nodeclipse nodeclipse@
46 silly resolved [ { name: 'nodeclipse',
46 silly resolved     version: '0.17.2',
46 silly resolved     description: 'nodeclipse CLI - prepare Node.js project to be imported into Eclipse (Nodeclipse); Installer - eclipse plugin CLI installer',
46 silly resolved     main: 'copier.js',
46 silly resolved     scripts: { test: 'test' },
46 silly resolved     bin:
46 silly resolved      { nodeclipse: './bin/nodeclipse.js',
46 silly resolved        nci: './bin/nci.js',
46 silly resolved        epm: './bin/epm.js' },
46 silly resolved     repository:
46 silly resolved      { type: 'git',
46 silly resolved        url: 'https://github.com/Nodeclipse/nodeclipse-1.git' },
46 silly resolved     keywords:
46 silly resolved      [ 'eclipse',
46 silly resolved        'ide',
46 silly resolved        'enide',
46 silly resolved        'nodeclipse',
46 silly resolved        'import',
46 silly resolved        'node.js',
46 silly resolved        'debug',
46 silly resolved        'template',
46 silly resolved        'installer',
46 silly resolved        'p2',
46 silly resolved        'director' ],
46 silly resolved     author: { name: 'Paul Verest' },
46 silly resolved     license: 'MIT',
46 silly resolved     dependencies: { optimist: '~0.6.1', shelljs: '~0.2.6' },
46 silly resolved     bugs: { url: 'https://github.com/Nodeclipse/nodeclipse-1/issues' },
46 silly resolved     homepage: 'https://github.com/Nodeclipse/nodeclipse-1',
46 silly resolved     _id: 'nodeclipse@0.17.2',
46 silly resolved     dist:
46 silly resolved      { shasum: 'e21ecc7c33af2c9e6dd1e4fef809f268514908b6',
46 silly resolved        tarball: 'http://registry.npmjs.org/nodeclipse/-/nodeclipse-0.17.2.tgz' },
46 silly resolved     _from: 'nodeclipse@',
46 silly resolved     _npmVersion: '1.3.14',
46 silly resolved     _npmUser: { name: 'paul.verest', email: 'paul.verest@live.com' },
46 silly resolved     maintainers: [ [Object] ],
46 silly resolved     directories: {},
46 silly resolved     _shasum: 'e21ecc7c33af2c9e6dd1e4fef809f268514908b6',
46 silly resolved     _resolved: 'https://registry.npmjs.org/nodeclipse/-/nodeclipse-0.17.2.tgz' } ]
47 info install nodeclipse@0.17.2 into /usr/local/lib
48 info installOne nodeclipse@0.17.2
49 verbose lib/node_modules/nodeclipse unbuild
50 verbose tar unpack /home/zmz0305/.npm/nodeclipse/0.17.2/package.tgz
51 silly lockFile 8925ebf3-ocal-lib-node-modules-nodeclipse tar:///usr/local/lib/node_modules/nodeclipse
52 verbose lock tar:///usr/local/lib/node_modules/nodeclipse /home/zmz0305/.npm/8925ebf3-ocal-lib-node-modules-nodeclipse.lock
53 silly lockFile 8c3c605c-pm-nodeclipse-0-17-2-package-tgz tar:///home/zmz0305/.npm/nodeclipse/0.17.2/package.tgz
54 verbose lock tar:///home/zmz0305/.npm/nodeclipse/0.17.2/package.tgz /home/zmz0305/.npm/8c3c605c-pm-nodeclipse-0-17-2-package-tgz.lock
55 silly gunzTarPerm modes [ '775', '664' ]
56 error Error: EACCES, mkdir '/usr/local/lib/node_modules/nodeclipse'
56 error  { [Error: EACCES, mkdir '/usr/local/lib/node_modules/nodeclipse']
56 error   errno: 3,
56 error   code: 'EACCES',
56 error   path: '/usr/local/lib/node_modules/nodeclipse',
56 error   fstream_type: 'Directory',
56 error   fstream_path: '/usr/local/lib/node_modules/nodeclipse',
56 error   fstream_class: 'DirWriter',
56 error   fstream_stack:
56 error    [ '/usr/local/lib/node_modules/npm/node_modules/fstream/lib/dir-writer.js:36:23',
56 error      '/usr/local/lib/node_modules/npm/node_modules/mkdirp/index.js:46:53',
56 error      'Object.oncomplete (fs.js:107:15)' ] }
57 error Please try running this command again as root/Administrator.
58 error System Linux 3.13.0-43-generic
59 error command "/usr/local/bin/node" "/usr/local/bin/npm" "install" "-g" "nodeclipse"
60 error cwd /home/zmz0305/hello-world
61 error node -v v0.10.33
62 error npm -v 1.4.28
63 error path /usr/local/lib/node_modules/nodeclipse
64 error fstream_path /usr/local/lib/node_modules/nodeclipse
65 error fstream_type Directory
66 error fstream_class DirWriter
67 error code EACCES
68 error errno 3
69 error stack Error: EACCES, mkdir '/usr/local/lib/node_modules/nodeclipse'
70 error fstream_stack /usr/local/lib/node_modules/npm/node_modules/fstream/lib/dir-writer.js:36:23
70 error fstream_stack /usr/local/lib/node_modules/npm/node_modules/mkdirp/index.js:46:53
70 error fstream_stack Object.oncomplete (fs.js:107:15)
71 verbose exit [ 3, true ]
